0 info it worked if it ends with ok
1 verbose cli [ 'node',
1 verbose cli   '/usr/local/bin/npm',
1 verbose cli   'install',
1 verbose cli   '--save',
1 verbose cli   'minimist',
1 verbose cli   'glob-all',
1 verbose cli   'htmlhint' ]
2 info using npm@2.0.2
3 info using node@v0.10.32
4 verbose readDependencies using package.json deps
5 verbose cache add [ 'minimist@^1.1.0', null ]
6 verbose cache add spec="minimist@^1.1.0" args=["minimist@^1.1.0",null]
7 verbose parsed spec { raw: 'minimist@^1.1.0',
7 verbose parsed spec   scope: null,
7 verbose parsed spec   name: 'minimist',
7 verbose parsed spec   rawSpec: '^1.1.0',
7 verbose parsed spec   spec: '>=1.1.0 <2.0.0',
7 verbose parsed spec   type: 'range' }
8 verbose cache add [ 'glob-all@^3.0.1', null ]
9 verbose cache add spec="glob-all@^3.0.1" args=["glob-all@^3.0.1",null]
10 verbose parsed spec { raw: 'glob-all@^3.0.1',
10 verbose parsed spec   scope: null,
10 verbose parsed spec   name: 'glob-all',
10 verbose parsed spec   rawSpec: '^3.0.1',
10 verbose parsed spec   spec: '>=3.0.1 <4.0.0',
10 verbose parsed spec   type: 'range' }
11 verbose cache add [ 'htmlhint', null ]
12 verbose cache add spec="htmlhint" args=["htmlhint",null]
13 verbose parsed spec { raw: 'htmlhint',
13 verbose parsed spec   scope: null,
13 verbose parsed spec   name: 'htmlhint',
13 verbose parsed spec   rawSpec: '',
13 verbose parsed spec   spec: '*',
13 verbose parsed spec   type: 'range' }
14 verbose parsed spec { raw: 'minimist@^1.1.0',
14 verbose parsed spec   scope: null,
14 verbose parsed spec   name: 'minimist',
14 verbose parsed spec   rawSpec: '^1.1.0',
14 verbose parsed spec   spec: '>=1.1.0 <2.0.0',
14 verbose parsed spec   type: 'range' }
15 verbose addNamed [ 'minimist', '>=1.1.0 <2.0.0' ]
16 verbose addNamed [ null, '>=1.1.0 <2.0.0' ]
17 verbose parsed spec { raw: 'glob-all@^3.0.1',
17 verbose parsed spec   scope: null,
17 verbose parsed spec   name: 'glob-all',
17 verbose parsed spec   rawSpec: '^3.0.1',
17 verbose parsed spec   spec: '>=3.0.1 <4.0.0',
17 verbose parsed spec   type: 'range' }
18 verbose addNamed [ 'glob-all', '>=3.0.1 <4.0.0' ]
19 verbose addNamed [ null, '>=3.0.1 <4.0.0' ]
20 verbose cache add local package /Users/tandemseven/GitHub/mundizzle/htmlhint-cli/htmlhint
21 silly lockFile 4bf144b8-minimist-1-1-0-2-0-0 minimist@>=1.1.0 <2.0.0
22 verbose lock minimist@>=1.1.0 <2.0.0 /Users/tandemseven/.npm/4bf144b8-minimist-1-1-0-2-0-0.lock
23 silly lockFile af0f2cd0-glob-all-3-0-1-4-0-0 glob-all@>=3.0.1 <4.0.0
24 verbose lock glob-all@>=3.0.1 <4.0.0 /Users/tandemseven/.npm/af0f2cd0-glob-all-3-0-1-4-0-0.lock
25 silly lockFile 9dd83807-htmlhint htmlhint
26 verbose lock htmlhint /Users/tandemseven/.npm/9dd83807-htmlhint.lock
27 silly addNameRange { name: 'minimist', range: '>=1.1.0 <2.0.0', hasData: false }
28 verbose mapToRegistry name minimist
29 verbose mapToRegistry uri https://registry.npmjs.org/minimist
30 silly addNameRange { name: 'glob-all', range: '>=3.0.1 <4.0.0', hasData: false }
31 verbose mapToRegistry name glob-all
32 verbose mapToRegistry uri https://registry.npmjs.org/glob-all
33 verbose registry.get https://registry.npmjs.org/minimist not expired, no request
34 silly addNameRange number 2 { name: 'minimist', range: '>=1.1.0 <2.0.0', hasData: true }
35 silly addNameRange versions [ 'minimist',
35 silly addNameRange   [ '0.0.0',
35 silly addNameRange     '0.0.1',
35 silly addNameRange     '0.0.2',
35 silly addNameRange     '0.0.3',
35 silly addNameRange     '0.0.4',
35 silly addNameRange     '0.0.5',
35 silly addNameRange     '0.0.6',
35 silly addNameRange     '0.0.7',
35 silly addNameRange     '0.0.8',
35 silly addNameRange     '0.0.9',
35 silly addNameRange     '0.0.10',
35 silly addNameRange     '0.1.0',
35 silly addNameRange     '0.2.0',
35 silly addNameRange     '1.0.0',
35 silly addNameRange     '1.1.0' ] ]
36 verbose addNamed [ 'minimist', '1.1.0' ]
37 verbose addNamed [ '1.1.0', '1.1.0' ]
38 silly lockFile f1c95b3a-minimist-1-1-0 minimist@1.1.0
39 verbose lock minimist@1.1.0 /Users/tandemseven/.npm/f1c95b3a-minimist-1-1-0.lock
40 verbose registry.get https://registry.npmjs.org/glob-all not expired, no request
41 silly addNameRange number 2 { name: 'glob-all', range: '>=3.0.1 <4.0.0', hasData: true }
42 silly addNameRange versions [ 'glob-all',
42 silly addNameRange   [ '2.1.0', '2.2.0', '2.3.0', '2.4.0', '2.4.1', '3.0.0', '3.0.1' ] ]
43 verbose addNamed [ 'glob-all', '3.0.1' ]
44 verbose addNamed [ '3.0.1', '3.0.1' ]
45 silly lockFile a2839f54-glob-all-3-0-1 glob-all@3.0.1
46 verbose lock glob-all@3.0.1 /Users/tandemseven/.npm/a2839f54-glob-all-3-0-1.lock
47 silly lockFile f1c95b3a-minimist-1-1-0 minimist@1.1.0
48 silly lockFile f1c95b3a-minimist-1-1-0 minimist@1.1.0
49 silly lockFile 4bf144b8-minimist-1-1-0-2-0-0 minimist@>=1.1.0 <2.0.0
50 silly lockFile 4bf144b8-minimist-1-1-0-2-0-0 minimist@>=1.1.0 <2.0.0
51 silly lockFile a2839f54-glob-all-3-0-1 glob-all@3.0.1
52 silly lockFile a2839f54-glob-all-3-0-1 glob-all@3.0.1
53 verbose tar unpack /var/folders/99/902q1hds4z74ryfx44n48qq40000gn/T/npm-44912-XNPdej2H/1421592898344-0.7600683481432498/tmp.tgz
54 silly lockFile 477ba33e--7600683481432498-tmp-tgz-unpack tar:///var/folders/99/902q1hds4z74ryfx44n48qq40000gn/T/npm-44912-XNPdej2H/1421592898344-0.7600683481432498/tmp.tgz-unpack
55 verbose lock tar:///var/folders/99/902q1hds4z74ryfx44n48qq40000gn/T/npm-44912-XNPdej2H/1421592898344-0.7600683481432498/tmp.tgz-unpack /Users/tandemseven/.npm/477ba33e--7600683481432498-tmp-tgz-unpack.lock
56 silly lockFile 8586e845-98344-0-7600683481432498-tmp-tgz tar:///var/folders/99/902q1hds4z74ryfx44n48qq40000gn/T/npm-44912-XNPdej2H/1421592898344-0.7600683481432498/tmp.tgz
57 verbose lock tar:///var/folders/99/902q1hds4z74ryfx44n48qq40000gn/T/npm-44912-XNPdej2H/1421592898344-0.7600683481432498/tmp.tgz /Users/tandemseven/.npm/8586e845-98344-0-7600683481432498-tmp-tgz.lock
58 silly lockFile af0f2cd0-glob-all-3-0-1-4-0-0 glob-all@>=3.0.1 <4.0.0
59 silly lockFile af0f2cd0-glob-all-3-0-1-4-0-0 glob-all@>=3.0.1 <4.0.0
60 verbose gentlyRm vacuuming /var/folders/99/902q1hds4z74ryfx44n48qq40000gn/T/npm-44912-XNPdej2H/1421592898344-0.7600683481432498/tmp.tgz-unpack
61 silly gunzTarPerm modes [ '755', '644' ]
62 error not a package /var/folders/99/902q1hds4z74ryfx44n48qq40000gn/T/npm-44912-XNPdej2H/1421592898344-0.7600683481432498/tmp.tgz
63 silly lockFile 477ba33e--7600683481432498-tmp-tgz-unpack tar:///var/folders/99/902q1hds4z74ryfx44n48qq40000gn/T/npm-44912-XNPdej2H/1421592898344-0.7600683481432498/tmp.tgz-unpack
64 silly lockFile 477ba33e--7600683481432498-tmp-tgz-unpack tar:///var/folders/99/902q1hds4z74ryfx44n48qq40000gn/T/npm-44912-XNPdej2H/1421592898344-0.7600683481432498/tmp.tgz-unpack
65 silly lockFile 8586e845-98344-0-7600683481432498-tmp-tgz tar:///var/folders/99/902q1hds4z74ryfx44n48qq40000gn/T/npm-44912-XNPdej2H/1421592898344-0.7600683481432498/tmp.tgz
66 silly lockFile 8586e845-98344-0-7600683481432498-tmp-tgz tar:///var/folders/99/902q1hds4z74ryfx44n48qq40000gn/T/npm-44912-XNPdej2H/1421592898344-0.7600683481432498/tmp.tgz
67 silly lockFile 9dd83807-htmlhint htmlhint
68 silly lockFile 9dd83807-htmlhint htmlhint
69 error addLocal Could not install htmlhint
70 verbose stack Error: ENOENT, open '/var/folders/99/902q1hds4z74ryfx44n48qq40000gn/T/npm-44912-XNPdej2H/1421592898344-0.7600683481432498/tmp.tgz-unpack/package.json'
71 verbose cwd /Users/tandemseven/GitHub/mundizzle/htmlhint-cli
72 error Darwin 14.1.0
73 error argv "node" "/usr/local/bin/npm" "install" "--save" "minimist" "glob-all" "htmlhint"
74 error node v0.10.32
75 error npm  v2.0.2
76 error path /var/folders/99/902q1hds4z74ryfx44n48qq40000gn/T/npm-44912-XNPdej2H/1421592898344-0.7600683481432498/tmp.tgz-unpack/package.json
77 error code ENOENT
78 error errno 34
79 error ENOENT, open '/var/folders/99/902q1hds4z74ryfx44n48qq40000gn/T/npm-44912-XNPdej2H/1421592898344-0.7600683481432498/tmp.tgz-unpack/package.json'
80 error If you need help, you may report this error at:
80 error     <http://github.com/npm/npm/issues>
81 verbose exit [ 34, true ]
